#
# A fatal error has been detected by the Java Runtime Environment:
#
#  SIGSEGV (0xb) at pc=0x000000011095022c, pid=26007, tid=4355
#
# JRE version: Java(TM) SE Runtime Environment (8.0_40-b27) (build 1.8.0_40-b27)
# Java VM: Java HotSpot(TM) 64-Bit Server VM (25.40-b25 mixed mode bsd-amd64 compressed oops)
# Problematic frame:
# V  [libjvm.dylib+0x31122c]
#
# Failed to write core dump. Core dumps have been disabled. To enable core dumping, try "ulimit -c unlimited" before starting Java again
#
# If you would like to submit a bug report, please visit:
#   http://bugreport.java.com/bugreport/crash.jsp
#

---------------  T H R E A D  ---------------

Current thread (0x00007fdb97012000):  JavaThread "main" [_thread_in_vm, id=4355, stack(0x000070000785f000,0x000070000795f000)]

siginfo: si_signo: 11 (SIGSEGV), si_code: 1 (SEGV_MAPERR), si_addr: 0x000000000000000c

Registers:
RAX=0x0000000110f01ec0, RBX=0x0000000000000000, RCX=0x0000000110e39190, RDX=0x0000000000000000
RSP=0x000070000795e7b0, RBP=0x000070000795e830, RSI=0x000000000000000c, RDI=0x00007fdb970121f8
R8 =0x0000000000000000, R9 =0x000000000000000c, R10=0x0000000114c44928, R11=0x0000000110b048e7
R12=0x00007fdb97012000, R13=0x00000001126fe510, R14=0x000000000000000c, R15=0x00007fdb970121f8
RIP=0x000000011095022c, EFLAGS=0x0000000000010246, ERR=0x0000000000000004
  TRAPNO=0x000000000000000e

Top of Stack: (sp=0x000070000795e7b0)
0x000070000795e7b0:   00007fdb97012000 0000000000000000
0x000070000795e7c0:   000070000795e7f0 00000001126fe510
0x000070000795e7d0:   00007fdb97012000 00007fdb97012000
0x000070000795e7e0:   0000000000000000 0000000000000000
0x000070000795e7f0:   0000000000000000 0000000000000000
0x000070000795e800:   0000700000000000 00000001126fe510
0x000070000795e810:   0000000000000000 00000001126fe510
0x000070000795e820:   000070000795e970 00007fdb97012000
0x000070000795e830:   000070000795e880 00000001105bf9d8
0x000070000795e840:   00007fdb97012000 00006000025e0050
0x000070000795e850:   00000001126fe510 000070000795e950
0x000070000795e860:   000000000000000c 000070000795e968
0x000070000795e870:   000070000795e970 00007fdb970121f8
0x000070000795e880:   000070000795e918 0000000114c44954
0x000070000795e890:   000070000795e938 00000001109187ff
0x000070000795e8a0:   00007fdb97012000 00007fdb97012000
0x000070000795e8b0:   00000001126fe510 000070000795e970
0x000070000795e8c0:   000070000795e918 0000000114c446e7
0x000070000795e8d0:   0000000114c446a2 000070000795e8d8
0x000070000795e8e0:   00000001126fe510 000070000795e970
0x000070000795e8f0:   00000001126fe738 0000000000000000
0x000070000795e900:   00000001126fe510 0000000000000000
0x000070000795e910:   000070000795e938 000070000795e9e0
0x000070000795e920:   0000000114c36830 0000000000000000
0x000070000795e930:   0000000114c3e579 000000076ab698d8
0x000070000795e940:   000000000000000c 000000076ab697a8
0x000070000795e950:   000000076ab697a8 000000000000000c
0x000070000795e960:   000000076ab697a8 000000076ab697a8
0x000070000795e970:   000000076ab69820 0000000000000000
0x000070000795e980:   000000076ab698c0 000000076ab698c0
0x000070000795e990:   000000076ab69830 000000076ab1dec0
0x000070000795e9a0:   000070000795e9a0 00000001126fe5d0 

Instructions: (pc=0x000000011095022c)
0x000000011095020c:   00 49 83 7c 24 08 00 74 09 48 8d 7d 80 e8 6e 9d
0x000000011095021c:   18 00 4c 89 ff 4c 89 f6 48 89 da 90 0f 1f 40 00
0x000000011095022c:   4d 8b 36 4c 89 f7 e8 29 57 fa ff 48 85 c0 75 05
0x000000011095023c:   45 31 ff eb 4f 4c 89 f7 e8 a7 64 fd ff 41 89 c7 

Register to memory mapping:

RAX=0x0000000110f01ec0: _ZN20SafepointSynchronize6_stateE+0 in /Library/Java/JavaVirtualMachines/jdk1.8.0_40.jdk/Contents/Home/jre/lib/server/libjvm.dylib at 0x000000011063f000
RBX=0x0000000000000000 is an unknown value
RCX=0x0000000110e39190: UseMembar+0 in /Library/Java/JavaVirtualMachines/jdk1.8.0_40.jdk/Contents/Home/jre/lib/server/libjvm.dylib at 0x000000011063f000
RDX=0x0000000000000000 is an unknown value
RSP=0x000070000795e7b0 is pointing into the stack for thread: 0x00007fdb97012000
RBP=0x000070000795e830 is pointing into the stack for thread: 0x00007fdb97012000
RSI=0x000000000000000c is an unknown value
RDI=0x00007fdb970121f8 is an unknown value
R8 =0x0000000000000000 is an unknown value
R9 =0x000000000000000c is an unknown value
R10=0x0000000114c44928 is at code_begin+808 in an Interpreter codelet
method entry point (kind = native)  [0x0000000114c44600, 0x0000000114c44f00]  2304 bytes
R11=0x0000000110b048e7: throw_unsatisfied_link_error+0 in /Library/Java/JavaVirtualMachines/jdk1.8.0_40.jdk/Contents/Home/jre/lib/server/libjvm.dylib at 0x000000011063f000
R12=0x00007fdb97012000 is a thread
R13={method} {0x00000001126fe510} 'ncd' '(Ljava/lang/String;JLjava/lang/String;JLjava/lang/String;)F' in 'shaded/org/evosuite/ga/metaheuristics/NCDShocZlib'
R14=0x000000000000000c is an unknown value
R15=0x00007fdb970121f8 is an unknown value


Stack: [0x000070000785f000,0x000070000795f000],  sp=0x000070000795e7b0,  free space=1021k
Native frames: (J=compiled Java code, j=interpreted, Vv=VM code, C=native code)
V  [libjvm.dylib+0x31122c]
C  [libncd_shoczlib.dylib+0x19d8]  Java_shaded_org_evosuite_ga_metaheuristics_NCDShocZlib_ncd+0x58
j  shaded.org.evosuite.ga.metaheuristics.NCDShocZlib.ncd(Ljava/lang/String;JLjava/lang/String;JLjava/lang/String;)F+0
j  shaded.org.evosuite.ga.metaheuristics.NCDShocZlib.main([Ljava/lang/String;)V+40
v  ~StubRoutines::call_stub
V  [libjvm.dylib+0x2e036e]
V  [libjvm.dylib+0x316a7a]
V  [libjvm.dylib+0x30f7f4]
C  [java+0x39ae]  JavaMain+0x9b1
C  [libsystem_pthread.dylib+0x64f4]  _pthread_start+0x7d
C  [libsystem_pthread.dylib+0x200f]  thread_start+0xf

Java frames: (J=compiled Java code, j=interpreted, Vv=VM code)
j  shaded.org.evosuite.ga.metaheuristics.NCDShocZlib.ncd(Ljava/lang/String;JLjava/lang/String;JLjava/lang/String;)F+0
j  shaded.org.evosuite.ga.metaheuristics.NCDShocZlib.main([Ljava/lang/String;)V+40
v  ~StubRoutines::call_stub

---------------  P R O C E S S  ---------------

Java Threads: ( => current thread )
  0x00007fdb96808800 JavaThread "Service Thread" daemon [_thread_blocked, id=14083, stack(0x0000700008589000,0x0000700008689000)]
  0x00007fdb98831800 JavaThread "C1 CompilerThread2" daemon [_thread_blocked, id=18179, stack(0x0000700008486000,0x0000700008586000)]
  0x00007fdb98828800 JavaThread "C2 CompilerThread1" daemon [_thread_blocked, id=18691, stack(0x0000700008383000,0x0000700008483000)]
  0x00007fdb97031000 JavaThread "C2 CompilerThread0" daemon [_thread_blocked, id=13315, stack(0x0000700008280000,0x0000700008380000)]
  0x00007fdb9880a800 JavaThread "Signal Dispatcher" daemon [_thread_blocked, id=19203, stack(0x000070000817d000,0x000070000827d000)]
  0x00007fdb9702e000 JavaThread "Finalizer" daemon [_thread_blocked, id=11267, stack(0x0000700007f74000,0x0000700008074000)]
  0x00007fdb9702d000 JavaThread "Reference Handler" daemon [_thread_blocked, id=20995, stack(0x0000700007e71000,0x0000700007f71000)]
=>0x00007fdb97012000 JavaThread "main" [_thread_in_vm, id=4355, stack(0x000070000785f000,0x000070000795f000)]

Other Threads:
  0x00007fdb97010000 VMThread [stack: 0x0000700007d6e000,0x0000700007e6e000] [id=21507]
  0x00007fdb9682d000 WatcherThread [stack: 0x000070000868c000,0x000070000878c000] [id=14595]

VM state:not at safepoint (normal execution)

VM Mutex/Monitor currently owned by a thread: None

Heap:
 PSYoungGen      total 76288K, used 3932K [0x000000076ab00000, 0x0000000770000000, 0x00000007c0000000)
  eden space 65536K, 6% used [0x000000076ab00000,0x000000076aed7178,0x000000076eb00000)
  from space 10752K, 0% used [0x000000076f580000,0x000000076f580000,0x0000000770000000)
  to   space 10752K, 0% used [0x000000076eb00000,0x000000076eb00000,0x000000076f580000)
 ParOldGen       total 175104K, used 0K [0x00000006c0000000, 0x00000006cab00000, 0x000000076ab00000)
  object space 175104K, 0% used [0x00000006c0000000,0x00000006c0000000,0x00000006cab00000)
 Metaspace       used 2514K, capacity 4486K, committed 4864K, reserved 1056768K
  class space    used 273K, capacity 386K, committed 512K, reserved 1048576K

Card table byte_map: [0x000000010fb89000,0x000000011038a000] byte_map_base: 0x000000010c589000

Marking Bits: (ParMarkBitMap*) 0x0000000110f017a0
 Begin Bits: [0x0000000123c2f000, 0x0000000127c2f000)
 End Bits:   [0x0000000127c2f000, 0x000000012bc2f000)

Polling page: 0x000000010f704000

CodeCache: size=245760Kb used=1080Kb max_used=1080Kb free=244679Kb
 bounds [0x0000000114c2f000, 0x0000000114e9f000, 0x0000000123c2f000]
 total_blobs=244 nmethods=15 adapters=144
 compilation: enabled

Compilation events (10 events):
Event: 0.099 Thread 0x00007fdb98831800   11       3       java.util.Arrays::copyOfRange (63 bytes)
Event: 0.100 Thread 0x00007fdb98831800 nmethod 11 0x0000000114d2e990 code [0x0000000114d2eba0, 0x0000000114d2f6d8]
Event: 0.106 Thread 0x00007fdb98831800   12       3       java.lang.String::getChars (62 bytes)
Event: 0.107 Thread 0x00007fdb98831800 nmethod 12 0x0000000114d3c210 code [0x0000000114d3c3c0, 0x0000000114d3c7f8]
Event: 0.108 Thread 0x00007fdb98831800   13       1       java.lang.ref.Reference::get (5 bytes)
Event: 0.108 Thread 0x00007fdb98831800 nmethod 13 0x0000000114d3cc10 code [0x0000000114d3cd60, 0x0000000114d3ce70]
Event: 0.108 Thread 0x00007fdb98831800   14       1       java.lang.ThreadLocal::access$400 (5 bytes)
Event: 0.108 Thread 0x00007fdb98831800 nmethod 14 0x0000000114d3ced0 code [0x0000000114d3d020, 0x0000000114d3d110]
Event: 0.108 Thread 0x00007fdb98831800   15       3       java.lang.String::indexOf (7 bytes)
Event: 0.108 Thread 0x00007fdb98831800 nmethod 15 0x0000000114d3d190 code [0x0000000114d3d300, 0x0000000114d3d508]

GC Heap History (0 events):
No events

Deoptimization events (0 events):
No events

Internal exceptions (5 events):
Event: 0.061 Thread 0x00007fdb97012000 Exception <a 'java/lang/NoSuchMethodError': Method sun.misc.Unsafe.defineClass(Ljava/lang/String;[BII)Ljava/lang/Class; name or signature does not match> (0x000000076ab12db0) thrown at [/Users/java_re/workspace/8-2-build-macosx-x86_64/jdk8u40/3153/hotspot
Event: 0.061 Thread 0x00007fdb97012000 Exception <a 'java/lang/NoSuchMethodError': Method sun.misc.Unsafe.prefetchRead(Ljava/lang/Object;J)V name or signature does not match> (0x000000076ab13040) thrown at [/Users/java_re/workspace/8-2-build-macosx-x86_64/jdk8u40/3153/hotspot/src/share/vm/prim
Event: 0.102 Thread 0x00007fdb97012000 Exception <a 'java/util/zip/ZipException'> (0x000000076ab5ddc0) thrown at [/Users/java_re/workspace/8-2-build-macosx-x86_64/jdk8u40/3153/hotspot/src/share/vm/prims/jni.cpp, line 709]
Event: 0.102 Thread 0x00007fdb97012000 Exception <a 'java/security/PrivilegedActionException'> (0x000000076ab5e008) thrown at [/Users/java_re/workspace/8-2-build-macosx-x86_64/jdk8u40/3153/hotspot/src/share/vm/prims/jvm.cpp, line 1382]
Event: 0.102 Thread 0x00007fdb97012000 Exception <a 'java/security/PrivilegedActionException'> (0x000000076ab5e1c0) thrown at [/Users/java_re/workspace/8-2-build-macosx-x86_64/jdk8u40/3153/hotspot/src/share/vm/prims/jvm.cpp, line 1382]

Events (10 events):
Event: 0.107 loading class java/security/BasicPermissionCollection
Event: 0.107 loading class java/security/BasicPermissionCollection done
Event: 0.107 loading class sun/launcher/LauncherHelper$FXHelper
Event: 0.107 loading class sun/launcher/LauncherHelper$FXHelper done
Event: 0.107 loading class java/lang/Class$MethodArray
Event: 0.107 loading class java/lang/Class$MethodArray done
Event: 0.108 loading class java/lang/Void
Event: 0.108 loading class java/lang/Void done
Event: 0.108 loading class java/lang/ClassLoaderHelper
Event: 0.108 loading class java/lang/ClassLoaderHelper done


Dynamic libraries:
0x0000000012460000 	/System/Library/Frameworks/Cocoa.framework/Versions/A/Cocoa
0x0000000012460000 	/System/Library/Frameworks/AppKit.framework/Versions/C/AppKit
0x0000000012460000 	/System/Library/Frameworks/CoreData.framework/Versions/A/CoreData
0x0000000012460000 	/System/Library/Frameworks/Foundation.framework/Versions/C/Foundation
0x0000000012460000 	/usr/lib/libSystem.B.dylib
0x0000000012460000 	/System/Library/PrivateFrameworks/UIFoundation.framework/Versions/A/UIFoundation
0x0000000012460000 	/System/Library/PrivateFrameworks/RemoteViewServices.framework/Versions/A/RemoteViewServices
0x0000000012460000 	/System/Library/PrivateFrameworks/XCTTargetBootstrap.framework/Versions/A/XCTTargetBootstrap
0x0000000012460000 	/System/Library/PrivateFrameworks/InternationalSupport.framework/Versions/A/InternationalSupport
0x0000000012460000 	/System/Library/PrivateFrameworks/UserActivity.framework/Versions/A/UserActivity
0x0000000012460000 	/usr/lib/libspindump.dylib
0x0000000012460000 	/System/Library/Frameworks/UniformTypeIdentifiers.framework/Versions/A/UniformTypeIdentifiers
0x0000000012460000 	/usr/lib/libapp_launch_measurement.dylib
0x0000000012460000 	/System/Library/PrivateFrameworks/CoreAnalytics.framework/Versions/A/CoreAnalytics
0x0000000012460000 	/System/Library/PrivateFrameworks/CoreAutoLayout.framework/Versions/A/CoreAutoLayout
0x0000000012460000 	/System/Library/Frameworks/Metal.framework/Versions/A/Metal
0x0000000012460000 	/usr/lib/liblangid.dylib
0x0000000012460000 	/System/Library/PrivateFrameworks/CoreSVG.framework/Versions/A/CoreSVG
0x0000000012460000 	/System/Library/PrivateFrameworks/SkyLight.framework/Versions/A/SkyLight
0x0000000012460000 	/System/Library/Frameworks/CoreGraphics.framework/Versions/A/CoreGraphics
0x0000000012460000 	/System/Library/Frameworks/Accelerate.framework/Versions/A/Accelerate
0x0000000012460000 	/System/Library/PrivateFrameworks/IconServices.framework/Versions/A/IconServices
0x0000000012460000 	/System/Library/Frameworks/IOSurface.framework/Versions/A/IOSurface
0x0000000012460000 	/usr/lib/libDiagnosticMessagesClient.dylib
0x0000000012460000 	/usr/lib/libz.1.dylib
0x0000000012460000 	/System/Library/Frameworks/ApplicationServices.framework/Versions/A/ApplicationServices
0x0000000012460000 	/System/Library/PrivateFrameworks/DFRFoundation.framework/Versions/A/DFRFoundation
0x0000000012460000 	/usr/lib/libicucore.A.dylib
0x0000000012460000 	/System/Library/Frameworks/AudioToolbox.framework/Versions/A/AudioToolbox
0x0000000012460000 	/System/Library/PrivateFrameworks/DataDetectorsCore.framework/Versions/A/DataDetectorsCore
0x0000000012460000 	/System/Library/PrivateFrameworks/TextInput.framework/Versions/A/TextInput
0x0000000012460000 	/usr/lib/libMobileGestalt.dylib
0x0000000012460000 	/System/Library/Frameworks/Carbon.framework/Versions/A/Frameworks/HIToolbox.framework/Versions/A/HIToolbox
0x0000000012460000 	/System/Library/Frameworks/QuartzCore.framework/Versions/A/QuartzCore
0x0000000012460000 	/System/Library/Frameworks/Security.framework/Versions/A/Security
0x0000000012460000 	/System/Library/Frameworks/Carbon.framework/Versions/A/Frameworks/SpeechRecognition.framework/Versions/A/SpeechRecognition
0x0000000012460000 	/System/Library/PrivateFrameworks/CoreUI.framework/Versions/A/CoreUI
0x0000000012460000 	/System/Library/Frameworks/CoreAudio.framework/Versions/A/CoreAudio
0x0000000012460000 	/System/Library/Frameworks/DiskArbitration.framework/Versions/A/DiskArbitration
0x0000000012460000 	/System/Library/PrivateFrameworks/MultitouchSupport.framework/Versions/A/MultitouchSupport
0x0000000012460000 	/usr/lib/libenergytrace.dylib
0x0000000012460000 	/System/Library/Frameworks/IOKit.framework/Versions/A/IOKit
0x0000000012460000 	/System/Library/Frameworks/CoreServices.framework/Versions/A/CoreServices
0x0000000012460000 	/System/Library/PrivateFrameworks/PerformanceAnalysis.framework/Versions/A/PerformanceAnalysis
0x0000000012460000 	/System/Library/Frameworks/OpenGL.framework/Versions/A/OpenGL
0x0000000012460000 	/System/Library/PrivateFrameworks/MobileKeyBag.framework/Versions/A/MobileKeyBag
0x0000000012460000 	/usr/lib/libobjc.A.dylib
0x0000000012460000 	/System/Library/Frameworks/ColorSync.framework/Versions/A/ColorSync
0x0000000012460000 	/System/Library/Frameworks/CoreFoundation.framework/Versions/A/CoreFoundation
0x0000000012460000 	/System/Library/Frameworks/CoreImage.framework/Versions/A/CoreImage
0x0000000012460000 	/System/Library/Frameworks/CoreText.framework/Versions/A/CoreText
0x0000000012460000 	/System/Library/Frameworks/ImageIO.framework/Versions/A/ImageIO
0x0000000012460000 	/System/Library/PrivateFrameworks/SoftLinking.framework/Versions/A/SoftLinking
0x0000000012460000 	/usr/lib/libxml2.2.dylib
0x0000000012460000 	/usr/lib/libc++.1.dylib
0x0000000012460000 	/usr/lib/libcompression.dylib
0x0000000012460000 	/System/Library/PrivateFrameworks/TextureIO.framework/Versions/A/TextureIO
0x0000000012460000 	/usr/lib/libate.dylib
0x0000000012460000 	/usr/lib/system/libcache.dylib
0x0000000012460000 	/usr/lib/system/libcommonCrypto.dylib
0x0000000012460000 	/usr/lib/system/libcompiler_rt.dylib
0x0000000012460000 	/usr/lib/system/libcopyfile.dylib
0x0000000012460000 	/usr/lib/system/libcorecrypto.dylib
0x0000000012460000 	/usr/lib/system/libdispatch.dylib
0x0000000012460000 	/usr/lib/system/libdyld.dylib
0x0000000012460000 	/usr/lib/system/libkeymgr.dylib
0x0000000012460000 	/usr/lib/system/libmacho.dylib
0x0000000012460000 	/usr/lib/system/libquarantine.dylib
0x0000000012460000 	/usr/lib/system/libremovefile.dylib
0x0000000012460000 	/usr/lib/system/libsystem_asl.dylib
0x0000000012460000 	/usr/lib/system/libsystem_blocks.dylib
0x0000000012460000 	/usr/lib/system/libsystem_c.dylib
0x0000000012460000 	/usr/lib/system/libsystem_collections.dylib
0x0000000012460000 	/usr/lib/system/libsystem_configuration.dylib
0x0000000012460000 	/usr/lib/system/libsystem_containermanager.dylib
0x0000000012460000 	/usr/lib/system/libsystem_coreservices.dylib
0x0000000012460000 	/usr/lib/system/libsystem_darwin.dylib
0x0000000012460000 	/usr/lib/system/libsystem_dnssd.dylib
0x0000000012460000 	/usr/lib/system/libsystem_featureflags.dylib
0x0000000012460000 	/usr/lib/system/libsystem_info.dylib
0x0000000012460000 	/usr/lib/system/libsystem_m.dylib
0x0000000012460000 	/usr/lib/system/libsystem_malloc.dylib
0x0000000012460000 	/usr/lib/system/libsystem_networkextension.dylib
0x0000000012460000 	/usr/lib/system/libsystem_notify.dylib
0x0000000012460000 	/usr/lib/system/libsystem_product_info_filter.dylib
0x0000000012460000 	/usr/lib/system/libsystem_sandbox.dylib
0x0000000012460000 	/usr/lib/system/libsystem_secinit.dylib
0x0000000012460000 	/usr/lib/system/libsystem_kernel.dylib
0x0000000012460000 	/usr/lib/system/libsystem_platform.dylib
0x0000000012460000 	/usr/lib/system/libsystem_pthread.dylib
0x0000000012460000 	/usr/lib/system/libsystem_symptoms.dylib
0x0000000012460000 	/usr/lib/system/libsystem_trace.dylib
0x0000000012460000 	/usr/lib/system/libunwind.dylib
0x0000000012460000 	/usr/lib/system/libxpc.dylib
0x0000000012460000 	/usr/lib/libc++abi.dylib
0x0000000012460000 	/usr/lib/liboah.dylib
0x0000000012460000 	/usr/lib/liblzma.5.dylib
0x0000000012460000 	/System/Library/Frameworks/SystemConfiguration.framework/Versions/A/SystemConfiguration
0x0000000012460000 	/usr/lib/libfakelink.dylib
0x0000000012460000 	/System/Library/Frameworks/CFNetwork.framework/Versions/A/CFNetwork
0x0000000012460000 	/usr/lib/libarchive.2.dylib
0x0000000012460000 	/System/Library/PrivateFrameworks/AppleSystemInfo.framework/Versions/A/AppleSystemInfo
0x0000000012460000 	/usr/lib/libbsm.0.dylib
0x0000000012460000 	/usr/lib/libnetwork.dylib
0x0000000012460000 	/usr/lib/system/libkxld.dylib
0x0000000012460000 	/System/Library/PrivateFrameworks/IOMobileFramebuffer.framework/Versions/A/IOMobileFramebuffer
0x0000000012460000 	/usr/lib/libCoreEntitlements.dylib
0x0000000012460000 	/System/Library/PrivateFrameworks/AppleFSCompression.framework/Versions/A/AppleFSCompression
0x0000000012460000 	/usr/lib/libcoretls.dylib
0x0000000012460000 	/usr/lib/libcoretls_cfhelpers.dylib
0x0000000012460000 	/usr/lib/libpam.2.dylib
0x0000000012460000 	/usr/lib/libsqlite3.dylib
0x0000000012460000 	/usr/lib/libxar.1.dylib
0x0000000012460000 	/usr/lib/libbz2.1.0.dylib
0x0000000012460000 	/usr/lib/libpcap.A.dylib
0x0000000012460000 	/usr/lib/libdns_services.dylib
0x0000000012460000 	/usr/lib/libapple_nghttp2.dylib
0x0000000012460000 	/usr/lib/libiconv.2.dylib
0x0000000012460000 	/usr/lib/libcharset.1.dylib
0x0000000012460000 	/System/Library/Frameworks/CoreServices.framework/Versions/A/Frameworks/FSEvents.framework/Versions/A/FSEvents
0x0000000012460000 	/System/Library/Frameworks/CoreServices.framework/Versions/A/Frameworks/CarbonCore.framework/Versions/A/CarbonCore
0x0000000012460000 	/System/Library/Frameworks/CoreServices.framework/Versions/A/Frameworks/Metadata.framework/Versions/A/Metadata
0x0000000012460000 	/System/Library/Frameworks/CoreServices.framework/Versions/A/Frameworks/OSServices.framework/Versions/A/OSServices
0x0000000012460000 	/System/Library/Frameworks/CoreServices.framework/Versions/A/Frameworks/SearchKit.framework/Versions/A/SearchKit
0x0000000012460000 	/System/Library/Frameworks/CoreServices.framework/Versions/A/Frameworks/AE.framework/Versions/A/AE
0x0000000012460000 	/System/Library/Frameworks/CoreServices.framework/Versions/A/Frameworks/LaunchServices.framework/Versions/A/LaunchServices
0x0000000012460000 	/System/Library/Frameworks/CoreServices.framework/Versions/A/Frameworks/DictionaryServices.framework/Versions/A/DictionaryServices
0x0000000012460000 	/System/Library/Frameworks/CoreServices.framework/Versions/A/Frameworks/SharedFileList.framework/Versions/A/SharedFileList
0x0000000012460000 	/usr/lib/libCheckFix.dylib
0x0000000012460000 	/System/Library/PrivateFrameworks/TCC.framework/Versions/A/TCC
0x0000000012460000 	/System/Library/PrivateFrameworks/CoreNLP.framework/Versions/A/CoreNLP
0x0000000012460000 	/System/Library/PrivateFrameworks/MetadataUtilities.framework/Versions/A/MetadataUtilities
0x0000000012460000 	/usr/lib/libmecabra.dylib
0x0000000012460000 	/usr/lib/libmecab.dylib
0x0000000012460000 	/usr/lib/libCRFSuite.dylib
0x0000000012460000 	/usr/lib/libgermantok.dylib
0x0000000012460000 	/usr/lib/libThaiTokenizer.dylib
0x0000000012460000 	/System/Library/Frameworks/Accelerate.framework/Versions/A/Frameworks/vImage.framework/Versions/A/vImage
0x0000000012460000 	/System/Library/Frameworks/Accelerate.framework/Versions/A/Frameworks/vecLib.framework/Versions/A/vecLib
0x0000000012460000 	/System/Library/Frameworks/Accelerate.framework/Versions/A/Frameworks/vecLib.framework/Versions/A/libvMisc.dylib
0x0000000012460000 	/System/Library/Frameworks/Accelerate.framework/Versions/A/Frameworks/vecLib.framework/Versions/A/libvDSP.dylib
0x0000000012460000 	/System/Library/Frameworks/Accelerate.framework/Versions/A/Frameworks/vecLib.framework/Versions/A/libBLAS.dylib
0x0000000012460000 	/System/Library/Frameworks/Accelerate.framework/Versions/A/Frameworks/vecLib.framework/Versions/A/libLAPACK.dylib
0x0000000012460000 	/System/Library/Frameworks/Accelerate.framework/Versions/A/Frameworks/vecLib.framework/Versions/A/libLinearAlgebra.dylib
0x0000000012460000 	/System/Library/Frameworks/Accelerate.framework/Versions/A/Frameworks/vecLib.framework/Versions/A/libSparseBLAS.dylib
0x0000000012460000 	/System/Library/Frameworks/Accelerate.framework/Versions/A/Frameworks/vecLib.framework/Versions/A/libQuadrature.dylib
0x0000000012460000 	/System/Library/Frameworks/Accelerate.framework/Versions/A/Frameworks/vecLib.framework/Versions/A/libBNNS.dylib
0x0000000012460000 	/System/Library/Frameworks/Accelerate.framework/Versions/A/Frameworks/vecLib.framework/Versions/A/libSparse.dylib
0x0000000012460000 	/System/Library/PrivateFrameworks/LinguisticData.framework/Versions/A/LinguisticData
0x0000000012460000 	/System/Library/PrivateFrameworks/Lexicon.framework/Versions/A/Lexicon
0x0000000012460000 	/usr/lib/libChineseTokenizer.dylib
0x0000000012460000 	/System/Library/PrivateFrameworks/LanguageModeling.framework/Versions/A/LanguageModeling
0x0000000012460000 	/System/Library/PrivateFrameworks/AppleSauce.framework/Versions/A/AppleSauce
0x0000000012460000 	/System/Library/PrivateFrameworks/CoreEmoji.framework/Versions/A/CoreEmoji
0x0000000012460000 	/usr/lib/libcmph.dylib
0x0000000012460000 	/System/Library/Frameworks/OpenDirectory.framework/Versions/A/Frameworks/CFOpenDirectory.framework/Versions/A/CFOpenDirectory
0x0000000012460000 	/System/Library/Frameworks/OpenDirectory.framework/Versions/A/OpenDirectory
0x0000000012460000 	/System/Library/PrivateFrameworks/APFS.framework/Versions/A/APFS
0x0000000012460000 	/System/Library/Frameworks/SecurityFoundation.framework/Versions/A/SecurityFoundation
0x0000000012460000 	/usr/lib/libutil.dylib
0x0000000012460000 	/System/Library/PrivateFrameworks/CoreServicesStore.framework/Versions/A/CoreServicesStore
0x0000000012460000 	/usr/lib/libxslt.1.dylib
0x0000000012460000 	/System/Library/PrivateFrameworks/BackgroundTaskManagement.framework/Versions/A/BackgroundTaskManagement
0x0000000012460000 	/System/Library/Frameworks/ImageIO.framework/Versions/A/Resources/libRadiance.dylib
0x0000000012460000 	/System/Library/Frameworks/ImageIO.framework/Versions/A/Resources/libJPEG.dylib
0x0000000012460000 	/System/Library/Frameworks/ImageIO.framework/Versions/A/Resources/libPng.dylib
0x0000000012460000 	/System/Library/Frameworks/ImageIO.framework/Versions/A/Resources/libTIFF.dylib
0x0000000012460000 	/System/Library/Frameworks/ImageIO.framework/Versions/A/Resources/libGIF.dylib
0x0000000012460000 	/System/Library/Frameworks/ImageIO.framework/Versions/A/Resources/libJP2.dylib
0x0000000012460000 	/usr/lib/libexpat.1.dylib
0x0000000012460000 	/System/Library/PrivateFrameworks/AppleJPEG.framework/Versions/A/AppleJPEG
0x0000000012460000 	/System/Library/PrivateFrameworks/FontServices.framework/libFontParser.dylib
0x0000000012460000 	/System/Library/PrivateFrameworks/RunningBoardServices.framework/Versions/A/RunningBoardServices
0x0000000012460000 	/System/Library/PrivateFrameworks/IOSurfaceAccelerator.framework/Versions/A/IOSurfaceAccelerator
0x0000000012460000 	/System/Library/PrivateFrameworks/WatchdogClient.framework/Versions/A/WatchdogClient
0x0000000012460000 	/System/Library/Frameworks/CoreDisplay.framework/Versions/A/CoreDisplay
0x0000000012460000 	/System/Library/Frameworks/CoreMedia.framework/Versions/A/CoreMedia
0x0000000012460000 	/System/Library/PrivateFrameworks/IOAccelerator.framework/Versions/A/IOAccelerator
0x0000000012460000 	/System/Library/Frameworks/CoreVideo.framework/Versions/A/CoreVideo
0x0000000012460000 	/System/Library/Frameworks/MetalPerformanceShaders.framework/Versions/A/MetalPerformanceShaders
0x0000000012460000 	/System/Library/Frameworks/VideoToolbox.framework/Versions/A/VideoToolbox
0x0000000012460000 	/System/Library/PrivateFrameworks/BaseBoard.framework/Versions/A/BaseBoard
0x0000000012460000 	/System/Library/PrivateFrameworks/ProtocolBuffer.framework/Versions/A/ProtocolBuffer
0x0000000012460000 	/System/Library/PrivateFrameworks/GPUWrangler.framework/Versions/A/GPUWrangler
0x0000000012460000 	/System/Library/PrivateFrameworks/IOPresentment.framework/Versions/A/IOPresentment
0x0000000012460000 	/System/Library/PrivateFrameworks/DSExternalDisplay.framework/Versions/A/DSExternalDisplay
0x0000000012460000 	/System/Library/Frameworks/OpenGL.framework/Versions/A/Libraries/libCoreFSCache.dylib
0x0000000012460000 	/System/Library/PrivateFrameworks/GPUCompiler.framework/Versions/31001/Libraries/libGPUCompilerUtils.dylib
0x0000000012460000 	/System/Library/PrivateFrameworks/CMCaptureCore.framework/Versions/A/CMCaptureCore
0x0000000012460000 	/System/Library/PrivateFrameworks/AppServerSupport.framework/Versions/A/AppServerSupport
0x0000000012460000 	/System/Library/PrivateFrameworks/perfdata.framework/Versions/A/perfdata
0x0000000012460000 	/System/Library/PrivateFrameworks/AudioToolboxCore.framework/Versions/A/AudioToolboxCore
0x0000000012460000 	/System/Library/PrivateFrameworks/caulk.framework/Versions/A/caulk
0x0000000012460000 	/usr/lib/libAudioStatistics.dylib
0x0000000012460000 	/System/Library/PrivateFrameworks/SystemPolicy.framework/Versions/A/SystemPolicy
0x0000000012460000 	/usr/lib/libSMC.dylib
0x0000000012460000 	/System/Library/Frameworks/CoreMIDI.framework/Versions/A/CoreMIDI
0x0000000012460000 	/usr/lib/libAudioToolboxUtility.dylib
0x0000000012460000 	/System/Library/PrivateFrameworks/OSAServicesClient.framework/Versions/A/OSAServicesClient
0x0000000012460000 	/usr/lib/libperfcheck.dylib
0x0000000012460000 	/usr/lib/libmis.dylib
0x0000000012460000 	/System/Library/Frameworks/OpenGL.framework/Versions/A/Libraries/libGLU.dylib
0x0000000012460000 	/System/Library/Frameworks/OpenGL.framework/Versions/A/Libraries/libGFXShared.dylib
0x0000000012460000 	/System/Library/Frameworks/OpenGL.framework/Versions/A/Libraries/libGL.dylib
0x0000000012460000 	/System/Library/Frameworks/OpenGL.framework/Versions/A/Libraries/libGLImage.dylib
0x0000000012460000 	/System/Library/Frameworks/OpenGL.framework/Versions/A/Libraries/libCVMSPluginSupport.dylib
0x0000000012460000 	/System/Library/Frameworks/OpenGL.framework/Versions/A/Libraries/libCoreVMClient.dylib
0x0000000012460000 	/System/Library/Frameworks/MetalPerformanceShaders.framework/Versions/A/Frameworks/MPSCore.framework/Versions/A/MPSCore
0x0000000012460000 	/System/Library/Frameworks/MetalPerformanceShaders.framework/Versions/A/Frameworks/MPSImage.framework/Versions/A/MPSImage
0x0000000012460000 	/System/Library/Frameworks/MetalPerformanceShaders.framework/Versions/A/Frameworks/MPSNeuralNetwork.framework/Versions/A/MPSNeuralNetwork
0x0000000012460000 	/System/Library/Frameworks/MetalPerformanceShaders.framework/Versions/A/Frameworks/MPSMatrix.framework/Versions/A/MPSMatrix
0x0000000012460000 	/System/Library/Frameworks/MetalPerformanceShaders.framework/Versions/A/Frameworks/MPSRayIntersector.framework/Versions/A/MPSRayIntersector
0x0000000012460000 	/System/Library/Frameworks/MetalPerformanceShaders.framework/Versions/A/Frameworks/MPSNDArray.framework/Versions/A/MPSNDArray
0x0000000012460000 	/System/Library/Frameworks/MetalPerformanceShaders.framework/Versions/A/Frameworks/MPSFunctions.framework/Versions/A/MPSFunctions
0x0000000012460000 	/System/Library/PrivateFrameworks/MetalTools.framework/Versions/A/MetalTools
0x0000000012460000 	/System/Library/PrivateFrameworks/AggregateDictionary.framework/Versions/A/AggregateDictionary
0x0000000012460000 	/usr/lib/libIOReport.dylib
0x0000000012460000 	/System/Library/Frameworks/OpenCL.framework/Versions/A/OpenCL
0x0000000012460000 	/System/Library/PrivateFrameworks/FaceCore.framework/Versions/A/FaceCore
0x0000000012460000 	/System/Library/PrivateFrameworks/GraphVisualizer.framework/Versions/A/GraphVisualizer
0x0000000012460000 	/System/Library/PrivateFrameworks/FontServices.framework/Versions/A/FontServices
0x0000000012460000 	/System/Library/PrivateFrameworks/OTSVG.framework/Versions/A/OTSVG
0x0000000012460000 	/System/Library/Frameworks/ApplicationServices.framework/Versions/A/Frameworks/ATS.framework/Versions/A/Resources/libFontRegistry.dylib
0x0000000012460000 	/System/Library/PrivateFrameworks/FontServices.framework/libhvf.dylib
0x0000000012460000 	/System/Library/PrivateFrameworks/FontServices.framework/libXTFontStaticRegistryData.dylib
0x0000000012460000 	/System/Library/PrivateFrameworks/AppleVA.framework/Versions/A/AppleVA
0x0000000012460000 	/System/Library/Frameworks/ApplicationServices.framework/Versions/A/Frameworks/ATS.framework/Versions/A/ATS
0x0000000012460000 	/System/Library/Frameworks/ApplicationServices.framework/Versions/A/Frameworks/HIServices.framework/Versions/A/HIServices
0x0000000012460000 	/System/Library/Frameworks/ApplicationServices.framework/Versions/A/Frameworks/PrintCore.framework/Versions/A/PrintCore
0x0000000012460000 	/System/Library/Frameworks/ApplicationServices.framework/Versions/A/Frameworks/QD.framework/Versions/A/QD
0x0000000012460000 	/System/Library/Frameworks/ApplicationServices.framework/Versions/A/Frameworks/ColorSyncLegacy.framework/Versions/A/ColorSyncLegacy
0x0000000012460000 	/System/Library/Frameworks/ApplicationServices.framework/Versions/A/Frameworks/SpeechSynthesis.framework/Versions/A/SpeechSynthesis
0x0000000012460000 	/System/Library/Frameworks/ApplicationServices.framework/Versions/A/Frameworks/ATSUI.framework/Versions/A/ATSUI
0x0000000012460000 	/usr/lib/libcups.2.dylib
0x0000000012460000 	/System/Library/Frameworks/Kerberos.framework/Versions/A/Kerberos
0x0000000012460000 	/System/Library/Frameworks/GSS.framework/Versions/A/GSS
0x0000000012460000 	/usr/lib/libresolv.9.dylib
0x0000000012460000 	/System/Library/PrivateFrameworks/Heimdal.framework/Versions/A/Heimdal
0x0000000012460000 	/System/Library/Frameworks/Kerberos.framework/Versions/A/Libraries/libHeimdalProxy.dylib
0x0000000012460000 	/System/Library/Frameworks/Network.framework/Versions/A/Network
0x0000000012460000 	/usr/lib/libheimdal-asn1.dylib
0x0000000012460000 	/System/Library/PrivateFrameworks/CommonAuth.framework/Versions/A/CommonAuth
0x0000000012460000 	/System/Library/PrivateFrameworks/AudioSession.framework/Versions/A/AudioSession
0x0000000012460000 	/System/Library/PrivateFrameworks/MediaExperience.framework/Versions/A/MediaExperience
0x0000000012460000 	/System/Library/PrivateFrameworks/AudioSession.framework/libSessionUtility.dylib
0x0000000012460000 	/System/Library/PrivateFrameworks/AudioResourceArbitration.framework/Versions/A/AudioResourceArbitration
0x0000000012460000 	/System/Library/PrivateFrameworks/PowerLog.framework/Versions/A/PowerLog
0x0000000012460000 	/System/Library/PrivateFrameworks/IconFoundation.framework/Versions/A/IconFoundation
0x0000000012460000 	/System/Library/PrivateFrameworks/SpeechRecognitionCore.framework/Versions/A/SpeechRecognitionCore
0x000000011063f000 	/Library/Java/JavaVirtualMachines/jdk1.8.0_40.jdk/Contents/Home/jre/lib/server/libjvm.dylib
0x0000000012460000 	/usr/lib/libstdc++.6.dylib
0x000000010f711000 	/Library/Java/JavaVirtualMachines/jdk1.8.0_40.jdk/Contents/Home/jre/lib/libverify.dylib
0x000000010f754000 	/Library/Java/JavaVirtualMachines/jdk1.8.0_40.jdk/Contents/Home/jre/lib/libjava.dylib
0x000000010f728000 	/Library/Java/JavaVirtualMachines/jdk1.8.0_40.jdk/Contents/Home/jre/lib/libzip.dylib
0x0000000012460000 	/System/Library/Frameworks/JavaRuntimeSupport.framework/Versions/A/JavaRuntimeSupport
0x0000000012460000 	/System/Library/Frameworks/Carbon.framework/Versions/A/Carbon
0x0000000012460000 	/System/Library/PrivateFrameworks/CoreSymbolication.framework/Versions/A/CoreSymbolication
0x0000000012460000 	/System/Library/Frameworks/Carbon.framework/Versions/A/Frameworks/CommonPanels.framework/Versions/A/CommonPanels
0x0000000012460000 	/System/Library/Frameworks/Carbon.framework/Versions/A/Frameworks/Help.framework/Versions/A/Help
0x0000000012460000 	/System/Library/Frameworks/Carbon.framework/Versions/A/Frameworks/ImageCapture.framework/Versions/A/ImageCapture
0x0000000012460000 	/System/Library/Frameworks/Carbon.framework/Versions/A/Frameworks/OpenScripting.framework/Versions/A/OpenScripting
0x0000000012460000 	/System/Library/Frameworks/Carbon.framework/Versions/A/Frameworks/Ink.framework/Versions/A/Ink
0x0000000012460000 	/System/Library/Frameworks/Carbon.framework/Versions/A/Frameworks/Print.framework/Versions/A/Print
0x0000000012460000 	/System/Library/Frameworks/Carbon.framework/Versions/A/Frameworks/SecurityHI.framework/Versions/A/SecurityHI
0x0000000012460000 	/System/Library/PrivateFrameworks/DebugSymbols.framework/Versions/A/DebugSymbols
0x00000001105be000 	/Users/Afnan/Dropbox/eclipse/workspace/NCD/libncd_shoczlib.dylib

VM Arguments:
jvm_args: -Dfile.encoding=UTF-8 
java_command: shaded.org.evosuite.ga.metaheuristics.NCDShocZlib
java_class_path (initial): /Users/Afnan/Dropbox/eclipse/workspace/NCD
Launcher Type: SUN_STANDARD

Environment Variables:
PATH=/usr/bin:/bin:/usr/sbin:/sbin
SHELL=/bin/zsh

Signal Handlers:
SIGSEGV: [libjvm.dylib+0x58ef95], sa_mask[0]=11111111011111110111111111111111, sa_flags=SA_ONSTACK|SA_RESTART|SA_SIGINFO
SIGBUS: [libjvm.dylib+0x58ef95], sa_mask[0]=11111111011111110111111111111111, sa_flags=SA_RESTART|SA_SIGINFO
SIGFPE: [libjvm.dylib+0x46c118], sa_mask[0]=11111111011111110111111111111111, sa_flags=SA_RESTART|SA_SIGINFO
SIGPIPE: [libjvm.dylib+0x46c118], sa_mask[0]=11111111011111110111111111111111, sa_flags=SA_RESTART|SA_SIGINFO
SIGXFSZ: [libjvm.dylib+0x46c118], sa_mask[0]=11111111011111110111111111111111, sa_flags=SA_RESTART|SA_SIGINFO
SIGILL: [libjvm.dylib+0x46c118], sa_mask[0]=11111111011111110111111111111111, sa_flags=SA_RESTART|SA_SIGINFO
SIGUSR1: SIG_DFL, sa_mask[0]=00000000000000000000000000000000, sa_flags=none
SIGUSR2: [libjvm.dylib+0x46bc36], sa_mask[0]=00100000000000000000000000000000, sa_flags=SA_RESTART|SA_SIGINFO
SIGHUP: [libjvm.dylib+0x46a209], sa_mask[0]=11111111011111110111111111111111, sa_flags=SA_RESTART|SA_SIGINFO
SIGINT: [libjvm.dylib+0x46a209], sa_mask[0]=11111111011111110111111111111111, sa_flags=SA_RESTART|SA_SIGINFO
SIGTERM: [libjvm.dylib+0x46a209], sa_mask[0]=11111111011111110111111111111111, sa_flags=SA_RESTART|SA_SIGINFO
SIGQUIT: [libjvm.dylib+0x46a209], sa_mask[0]=11111111011111110111111111111111, sa_flags=SA_RESTART|SA_SIGINFO


---------------  S Y S T E M  ---------------

OS:Bsduname:Darwin 21.3.0 Darwin Kernel Version 21.3.0: Wed Jan  5 21:37:58 PST 2022; root:xnu-8019.80.24~20/RELEASE_X86_64 x86_64
rlimit: STACK 8192k, CORE 0k, NPROC 2784, NOFILE 10240, AS infinity
load average:2.32 3.12 5.28

CPU:total 4 (2 cores per cpu, 2 threads per core) family 6 model 61 stepping 4, cmov, cx8, fxsr, mmx, sse, sse2, sse3, ssse3, sse4.1, sse4.2, popcnt, avx, avx2, aes, clmul, erms, 3dnowpref, lzcnt, ht, tsc, tscinvbit, bmi1, bmi2, adx

Memory: 4k page, physical 16777216k(75416k free)

/proc/meminfo:


vm_info: Java HotSpot(TM) 64-Bit Server VM (25.40-b25) for bsd-amd64 JRE (1.8.0_40-b27), built on Mar 13 2015 04:46:52 by "java_re" with gcc 4.2.1 (Based on Apple Inc. build 5658) (LLVM build 2336.11.00)

time: Thu Feb 24 08:45:38 2022
elapsed time: 0 seconds (0d 0h 0m 0s)

